[01m[K/home/troia/Ros/error/src/handler/src/handler.cpp:[m[K In static member function ‘[01m[Kstatic void Logger::init(std::string)[m[K’:
[01m[K/home/troia/Ros/error/src/handler/src/handler.cpp:9:3:[m[K [01;31m[Kerror: [m[Kinvalid use of member ‘[01m[KLogger::os[m[K’ in static member function
    9 |   [01;31m[Kos[m[K = std::ofstream(filename);
      |   [01;31m[K^~[m[K
[01m[K/home/troia/Ros/error/src/handler/src/handler.cpp:15:16:[m[K [01;36m[Knote: [m[Kdeclared here
   15 |  std::ofstream [01;36m[Kos[m[K;
      |                [01;36m[K^~[m[K
[01m[K/home/troia/Ros/error/src/handler/src/handler.cpp:[m[K In static member function ‘[01m[Kstatic void Logger::log(std::string)[m[K’:
[01m[K/home/troia/Ros/error/src/handler/src/handler.cpp:12:3:[m[K [01;31m[Kerror: [m[Kinvalid use of member ‘[01m[KLogger::os[m[K’ in static member function
   12 |   [01;31m[Kos[m[K << s << " : " << ctime(&time)<<"\n";
      |   [01;31m[K^~[m[K
[01m[K/home/troia/Ros/error/src/handler/src/handler.cpp:15:16:[m[K [01;36m[Knote: [m[Kdeclared here
   15 |  std::ofstream [01;36m[Kos[m[K;
      |                [01;36m[K^~[m[K
[01m[K/home/troia/Ros/error/src/handler/src/handler.cpp:12:29:[m[K [01;31m[Kerror: [m[Kcannot convert ‘[01m[Ktime_t (*)(time_t*) throw ()[m[K’ {aka ‘[01m[Klong int (*)(long int*)[m[K’} to ‘[01m[Kconst time_t*[m[K’ {aka ‘[01m[Kconst long int*[m[K’}
   12 |   os << s << " : " << ctime([01;31m[K&time[m[K)<<"\n";
      |                             [01;31m[K^~~~~[m[K
      |                             [01;31m[K|[m[K
      |                             [01;31m[Ktime_t (*)(time_t*) throw () {aka long int (*)(long int*)}[m[K
In file included from [01m[K/usr/include/pthread.h:23[m[K,
                 from [01m[K/usr/include/x86_64-linux-gnu/c++/9/bits/gthr-default.h:35[m[K,
                 from [01m[K/usr/include/x86_64-linux-gnu/c++/9/bits/gthr.h:148[m[K,
                 from [01m[K/usr/include/c++/9/ext/atomicity.h:35[m[K,
                 from [01m[K/usr/include/c++/9/bits/ios_base.h:39[m[K,
                 from [01m[K/usr/include/c++/9/ios:42[m[K,
                 from [01m[K/usr/include/c++/9/istream:38[m[K,
                 from [01m[K/usr/include/c++/9/fstream:38[m[K,
                 from [01m[K/home/troia/Ros/error/src/handler/src/handler.cpp:1[m[K:
[01m[K/usr/include/time.h:142:35:[m[K [01;36m[Knote: [m[K  initializing argument 1 of ‘[01m[Kchar* ctime(const time_t*)[m[K’
  142 | extern char *ctime ([01;36m[Kconst time_t *__timer[m[K) __THROW;
      |                     [01;36m[K~~~~~~~~~~~~~~^~~~~~~[m[K
[01m[K/home/troia/Ros/error/src/handler/src/handler.cpp:[m[K In function ‘[01m[Kvoid error_slam_call(const ConstPtr&)[m[K’:
[01m[K/home/troia/Ros/error/src/handler/src/handler.cpp:23:9:[m[K [01;31m[Kerror: [m[Kexpected unqualified-id before ‘[01m[K.[m[K’ token
   23 |   Logger[01;31m[K.[m[Klog("Track Lost");
      |         [01;31m[K^[m[K
[01m[K/home/troia/Ros/error/src/handler/src/handler.cpp:28:9:[m[K [01;31m[Kerror: [m[Kexpected unqualified-id before ‘[01m[K.[m[K’ token
   28 |   Logger[01;31m[K.[m[Klog("Tracker Loster");
      |         [01;31m[K^[m[K
[01m[K/home/troia/Ros/error/src/handler/src/handler.cpp:33:9:[m[K [01;31m[Kerror: [m[Kexpected unqualified-id before ‘[01m[K.[m[K’ token
   33 |   Logger[01;31m[K.[m[Klog("WAAAAAAAH")
      |         [01;31m[K^[m[K
[01m[K/home/troia/Ros/error/src/handler/src/handler.cpp:[m[K In function ‘[01m[Kint main(int, char**)[m[K’:
[01m[K/home/troia/Ros/error/src/handler/src/handler.cpp:54:8:[m[K [01;31m[Kerror: [m[Kexpected unqualified-id before ‘[01m[K.[m[K’ token
   54 |  Logger[01;31m[K.[m[Kinit("sto.cazzo");
      |        [01;31m[K^[m[K
make[2]: *** [CMakeFiles/handler_node.dir/build.make:63: CMakeFiles/handler_node.dir/src/handler.cpp.o] Error 1
make[1]: *** [CMakeFiles/Makefile2:209: CMakeFiles/handler_node.dir/all] Error 2
make: *** [Makefile:141: all] Error 2
